<?xml version="1.0" encoding="UTF-8"?>
<testng-results ignored="0" total="1" passed="1" failed="0" skipped="0">
  <reporter-output>
  </reporter-output>
  <suite started-at="2024-11-17T06:23:49 IST" name="Default suite" finished-at="2024-11-17T06:24:36 IST" duration-ms="46246">
    <groups>
    </groups>
    <test started-at="2024-11-17T06:23:49 IST" name="Default test" finished-at="2024-11-17T06:24:36 IST" duration-ms="46246">
      <class name="test.Test_Class">
        <test-method is-config="true" signature="bt()[pri:0, instance:test.Test_Class@65c7a252]" started-at="2024-11-17T06:23:49 IST" name="bt" finished-at="2024-11-17T06:23:55 IST" duration-ms="5814" status="PASS">
          <reporter-output>
          </reporter-output>
        </test-method> <!-- bt -->
        <test-method is-config="true" signature="bm()[pri:0, instance:test.Test_Class@65c7a252]" started-at="2024-11-17T06:23:55 IST" name="bm" finished-at="2024-11-17T06:24:07 IST" duration-ms="12020" status="PASS">
          <reporter-output>
          </reporter-output>
        </test-method> <!-- bm -->
        <test-method signature="test()[pri:0, instance:test.Test_Class@65c7a252]" started-at="2024-11-17T06:24:07 IST" name="test" finished-at="2024-11-17T06:24:36 IST" duration-ms="28315" status="PASS">
          <reporter-output>
          </reporter-output>
        </test-method> <!-- test -->
      </class> <!-- test.Test_Class -->
    </test> <!-- Default test -->
  </suite> <!-- Default suite -->
</testng-results>
